<?xml version="1.0" encoding="UTF-8"?>
<testsuite name="SimpleJUnitTest" tests="3" skipped="0" failures="0" errors="0" timestamp="2025-11-16T16:04:11.888Z" hostname="DESKTOP-6EJJQQS" time="0.032">
  <properties/>
  <testcase name="thirdTest()" classname="SimpleJUnitTest" time="0.023"/>
  <testcase name="firstTest()" classname="SimpleJUnitTest" time="0.001"/>
  <testcase name="secondTest()" classname="SimpleJUnitTest" time="0.002"/>
  <system-out><![CDATA[###   thirdTest
###   firstTest
###   secondTest
]]></system-out>
  <system-err><![CDATA[]]></system-err>
</testsuite>
